warning ../../package.json: No license field
$ next build
info  - Linting and checking validity of types...
info  - Creating an optimized production build...
info  - Compiled successfully
info  - Collecting page data...
info  - Generating static pages (0/3)
info  - Generating static pages (3/3)
info  - Finalizing page optimization...

Route (pages)                              Size     First Load JS
┌ ○ / (1078 ms)                            90.8 kB         170 kB
├   └ css/ae0e3e027412e072.css             707 B
├   /_app                                  0 B              79 kB
├ ○ /404                                   212 B          79.3 kB
└ λ /api/hello                             0 B              79 kB
+ First Load JS shared by all              146 kB
  ├ chunks/framework-0f397528c01bc177.js   45.7 kB
  ├ chunks/main-5cebf592faf0463a.js        31.8 kB
  ├ chunks/pages/_app-d7577a02557bc905.js  412 B
  ├ chunks/webpack-7b5b1130c7462b0c.js     1.13 kB
  └ css/695b888d48f709fc.css               67 kB

λ  (Server)  server-side renders at runtime (uses getInitialProps or getServerSideProps)
○  (Static)  automatically rendered as static HTML (uses no initial props)

